2020-01-06 13:39:36,689 mloop                DEBUG    MLOOP Logger configured.
2020-01-06 13:39:36,690 mloop.interfaces     DEBUG    Creating interface.
2020-01-06 13:39:36,701 mloop.controllers    DEBUG    Controller init completed.
2020-01-06 13:39:36,703 mloop.learners.1     DEBUG    Learner init completed.
2020-01-06 13:39:36,706 mloop.learners.2     DEBUG    Learner init completed.
2020-01-06 13:39:36,768 mloop.controllers    INFO     Optimization started.
2020-01-06 13:39:36,776 mloop.interfaces     DEBUG    Entering main loop of interface.
2020-01-06 13:39:36,777 mloop.controllers    DEBUG    ML learner started.
2020-01-06 13:39:36,849 mloop.controllers    DEBUG    Starting training optimization.
2020-01-06 13:39:36,850 mloop.controllers    INFO     Run:1 (training)
2020-01-06 13:39:36,859 mloop.controllers    INFO     params [79.94 78.49]
2020-01-06 13:39:48,229 mloop.controllers    INFO     cost -0.08791691668206345 +/- 0.0
2020-01-06 13:39:48,231 mloop.controllers    INFO     Run:2 (training)
2020-01-06 13:39:48,234 mloop.controllers    INFO     params [79.99255124 78.61588117]
2020-01-06 13:39:59,527 mloop.controllers    INFO     cost -0.0 +/- 0.0
2020-01-06 13:39:59,527 mloop.controllers    INFO     Run:3 (training)
2020-01-06 13:39:59,529 mloop.controllers    INFO     params [80.07156748 78.528763  ]
2020-01-06 13:40:09,890 mloop.controllers    INFO     cost -0.0 +/- 0.0
2020-01-06 13:40:09,890 mloop.controllers    INFO     Run:4 (training)
2020-01-06 13:40:09,892 mloop.controllers    INFO     params [79.94605008 78.42913723]
2020-01-06 13:40:20,244 mloop.controllers    INFO     cost -0.09331396750975851 +/- 0.0
2020-01-06 13:40:20,245 mloop.controllers    INFO     Run:5 (training)
2020-01-06 13:40:20,247 mloop.controllers    INFO     params [80.09359315 78.55795339]
2020-01-06 13:40:31,658 mloop.controllers    INFO     cost -0.0 +/- 0.0
2020-01-06 13:40:31,658 mloop.controllers    INFO     Run:6 (training)
2020-01-06 13:40:31,660 mloop.controllers    INFO     params [79.96073563 78.38533072]
2020-01-06 13:40:31,660 mloop.controllers    DEBUG    Starting ML optimization.
2020-01-06 13:40:42,788 mloop.controllers    INFO     cost -0.11588952469497382 +/- 0.0
2020-01-06 13:40:42,793 mloop.controllers    DEBUG    End training runs.
2020-01-06 13:40:42,793 mloop.controllers    INFO     Run:7 (machine learner)
2020-01-06 13:40:43,027 mloop.controllers    INFO     params [79.9198873 78.3      ]
2020-01-06 13:40:54,139 mloop.controllers    INFO     cost -0.0817525752791999 +/- 0.0
2020-01-06 13:40:54,140 mloop.controllers    INFO     Run:8 (machine learner)
2020-01-06 13:40:54,141 mloop.controllers    INFO     params [79.9 78.3]
2020-01-06 13:41:05,587 mloop.controllers    INFO     cost -0.06917843007341323 +/- 0.0
2020-01-06 13:41:05,587 mloop.controllers    INFO     Run:9 (machine learner)
2020-01-06 13:41:05,588 mloop.controllers    INFO     params [79.9 78.3]
2020-01-06 13:41:16,949 mloop.controllers    INFO     cost -0.06634805690749541 +/- 0.0
2020-01-06 13:41:16,950 mloop.controllers    INFO     Run:10 (machine learner)
2020-01-06 13:41:16,952 mloop.controllers    INFO     params [79.94390624 78.32951107]
2020-01-06 13:41:28,000 mloop.controllers    INFO     cost -0.11177059444382774 +/- 0.0
2020-01-06 13:41:28,001 mloop.controllers    INFO     Run:11 (trainer)
2020-01-06 13:41:28,003 mloop.controllers    INFO     params [80.1105243  78.34359331]
2020-01-06 13:41:39,532 mloop.controllers    INFO     cost -0.0 +/- 0.0
2020-01-06 13:41:39,533 mloop.controllers    INFO     Run:12 (machine learner)
2020-01-06 13:41:39,534 mloop.controllers    INFO     params [80.00140872 78.3       ]
2020-01-06 13:41:50,691 mloop.controllers    INFO     cost -0.2526420849160488 +/- 0.0
2020-01-06 13:41:50,692 mloop.controllers    INFO     Run:13 (machine learner)
2020-01-06 13:41:50,693 mloop.controllers    INFO     params [80.01732049 78.3       ]
2020-01-06 13:42:02,025 mloop.controllers    INFO     cost -0.3137508952553187 +/- 0.0
2020-01-06 13:42:02,026 mloop.controllers    INFO     Run:14 (machine learner)
2020-01-06 13:42:02,027 mloop.controllers    INFO     params [80.0320224 78.3      ]
2020-01-06 13:42:13,422 mloop.controllers    INFO     cost -0.22603609237239353 +/- 0.0
2020-01-06 13:42:13,423 mloop.controllers    INFO     Run:15 (machine learner)
2020-01-06 13:42:13,424 mloop.controllers    INFO     params [79.98164176 78.332737  ]
2020-01-06 13:42:24,726 mloop.controllers    INFO     cost -0.1599307534272137 +/- 0.0
2020-01-06 13:42:24,727 mloop.controllers    INFO     Run:16 (trainer)
2020-01-06 13:42:24,728 mloop.controllers    INFO     params [79.98789282 78.40590886]
2020-01-06 13:42:36,293 mloop.controllers    INFO     cost -0.16682708966248266 +/- 0.0
2020-01-06 13:42:36,293 mloop.controllers    INFO     Run:17 (machine learner)
2020-01-06 13:42:36,295 mloop.controllers    INFO     params [80.01637025 78.3       ]
2020-01-06 13:42:47,653 mloop.controllers    INFO     cost -0.23932308214620363 +/- 0.0
2020-01-06 13:42:47,653 mloop.controllers    INFO     Run:18 (machine learner)
2020-01-06 13:42:47,655 mloop.controllers    INFO     params [80.01861358 78.39439223]
2020-01-06 13:42:58,949 mloop.controllers    INFO     cost -0.3013246334771087 +/- 0.0
2020-01-06 13:42:58,950 mloop.controllers    INFO     Run:19 (machine learner)
2020-01-06 13:42:58,951 mloop.controllers    INFO     params [80.16732049 78.5       ]
2020-01-06 13:43:10,190 mloop.controllers    INFO     cost -0.0 +/- 0.0
2020-01-06 13:43:10,191 mloop.controllers    INFO     Run:20 (machine learner)
2020-01-06 13:43:10,192 mloop.controllers    INFO     params [80.01640878 78.3       ]
2020-01-06 13:43:21,614 mloop.controllers    INFO     cost -0.2990289515745713 +/- 0.0
2020-01-06 13:43:21,615 mloop.controllers    INFO     Controller finished. Closing down M-LOOP. Please wait a moment...
2020-01-06 13:43:21,616 mloop.controllers    DEBUG    ML learner end set.
2020-01-06 13:43:22,773 mloop.controllers    DEBUG    ML learner joined
2020-01-06 13:43:22,774 mloop.controllers    DEBUG    Learner end event set.
2020-01-06 13:43:22,774 mloop.controllers    DEBUG    Interface end event set.
2020-01-06 13:43:23,614 mloop.interfaces     DEBUG    Interface ended
2020-01-06 13:43:23,735 mloop.learners.1     DEBUG    Learner end signal received. Ending
2020-01-06 13:43:23,735 mloop.controllers    DEBUG    Learner joined.
2020-01-06 13:43:23,735 mloop.controllers    DEBUG    Interface joined.
2020-01-06 13:43:23,746 mloop.controllers    INFO     Optimization ended because:-
2020-01-06 13:43:23,746 mloop.controllers    INFO     Maximum number of runs reached.
2020-01-06 13:43:23,747 mloop.controllers    INFO     Results:-
2020-01-06 13:43:23,747 mloop.controllers    INFO     Best parameters found:[80.01732049 78.3       ]
2020-01-06 13:43:23,748 mloop.controllers    INFO     Best cost returned:-0.3137508952553187 +/- 0.0
2020-01-06 13:43:23,748 mloop.controllers    INFO     Best run number:13
2020-01-06 13:43:23,749 mloop.controllers    INFO     Predicted best parameters:[80.01684374 78.348247  ]
2020-01-06 13:43:23,750 mloop.controllers    INFO     Predicted best cost:[-0.28879955] +/- [2.28382583]
2020-01-06 13:43:23,750 mloop.controllers    INFO     M-LOOP Done.
